WARNING:tensorflow:From deepDMD.py:67: The name tf.InteractiveSession is deprecated. Please use tf.compat.v1.InteractiveSession instead.

2022-05-16 00:08:07.030240: I tensorflow/core/platform/cpu_feature_guard.cc:142] Your CPU supports instructions that this TensorFlow binary was not compiled to use: AVX2 FMA
2022-05-16 00:08:07.055406: I tensorflow/core/platform/profile_utils/cpu_utils.cc:94] CPU Frequency: 2198800000 Hz
2022-05-16 00:08:07.057524: I tensorflow/compiler/xla/service/service.cc:168] XLA service 0x5506550 executing computations on platform Host. Devices:
2022-05-16 00:08:07.057544: I tensorflow/compiler/xla/service/service.cc:175]   StreamExecutor device (0): <undefined>, <undefined>
WARNING:tensorflow:From deepDMD.py:91: The name tf.truncated_normal is deprecated. Please use tf.random.truncated_normal instead.

WARNING:tensorflow:From deepDMD.py:425: The name tf.global_variables_initializer is deprecated. Please use tf.compat.v1.global_variables_initializer instead.

2022-05-16 00:08:07.123972: W tensorflow/compiler/jit/mark_for_compilation_pass.cc:1412] (One-time warning): Not using XLA:CPU for cluster because envvar TF_XLA_FLAGS=--tf_xla_cpu_global_jit was not set.  If you want XLA:CPU, either set that envvar, or use experimental_jit_scope to enable XLA:CPU.  To confirm that XLA is active, pass --vmodule=xla_compilation_cache=1 (as a proper command-line flag, not via TF_XLA_FLAGS) or set the envvar XLA_FLAGS=--xla_hlo_profile.
WARNING:tensorflow:From deepDMD.py:108: The name tf.placeholder is deprecated. Please use tf.compat.v1.placeholder instead.

WARNING:tensorflow:From deepDMD.py:115: calling dropout (from tensorflow.python.ops.nn_ops) with keep_prob is deprecated and will be removed in a future version.
Instructions for updating:
Please use `rate` instead of `keep_prob`. Rate should be set to `rate = 1 - keep_prob`.
WARNING:tensorflow:From deepDMD.py:215: The name tf.train.AdagradOptimizer is deprecated. Please use tf.compat.v1.train.AdagradOptimizer instead.

WARNING:tensorflow:From /home/deepuser/.local/lib/python3.6/site-packages/tensorflow/python/training/adagrad.py:76: calling Constant.__init__ (from tensorflow.python.ops.init_ops) with dtype is deprecated and will be removed in a future version.
Instructions for updating:
Call initializer instance with the dtype argument instead of passing it to the constructor
WARNING:tensorflow:From deepDMD.py:67: The name tf.InteractiveSession is deprecated. Please use tf.compat.v1.InteractiveSession instead.

2022-05-16 01:34:40.690820: I tensorflow/core/platform/cpu_feature_guard.cc:142] Your CPU supports instructions that this TensorFlow binary was not compiled to use: AVX2 FMA
2022-05-16 01:34:40.715551: I tensorflow/core/platform/profile_utils/cpu_utils.cc:94] CPU Frequency: 2198800000 Hz
2022-05-16 01:34:40.718273: I tensorflow/compiler/xla/service/service.cc:168] XLA service 0x43bde50 executing computations on platform Host. Devices:
2022-05-16 01:34:40.718327: I tensorflow/compiler/xla/service/service.cc:175]   StreamExecutor device (0): <undefined>, <undefined>
WARNING:tensorflow:From deepDMD.py:91: The name tf.truncated_normal is deprecated. Please use tf.random.truncated_normal instead.

WARNING:tensorflow:From deepDMD.py:425: The name tf.global_variables_initializer is deprecated. Please use tf.compat.v1.global_variables_initializer instead.

2022-05-16 01:34:40.794113: W tensorflow/compiler/jit/mark_for_compilation_pass.cc:1412] (One-time warning): Not using XLA:CPU for cluster because envvar TF_XLA_FLAGS=--tf_xla_cpu_global_jit was not set.  If you want XLA:CPU, either set that envvar, or use experimental_jit_scope to enable XLA:CPU.  To confirm that XLA is active, pass --vmodule=xla_compilation_cache=1 (as a proper command-line flag, not via TF_XLA_FLAGS) or set the envvar XLA_FLAGS=--xla_hlo_profile.
WARNING:tensorflow:From deepDMD.py:108: The name tf.placeholder is deprecated. Please use tf.compat.v1.placeholder instead.

WARNING:tensorflow:From deepDMD.py:115: calling dropout (from tensorflow.python.ops.nn_ops) with keep_prob is deprecated and will be removed in a future version.
Instructions for updating:
Please use `rate` instead of `keep_prob`. Rate should be set to `rate = 1 - keep_prob`.
WARNING:tensorflow:From deepDMD.py:215: The name tf.train.AdagradOptimizer is deprecated. Please use tf.compat.v1.train.AdagradOptimizer instead.

WARNING:tensorflow:From /home/deepuser/.local/lib/python3.6/site-packages/tensorflow/python/training/adagrad.py:76: calling Constant.__init__ (from tensorflow.python.ops.init_ops) with dtype is deprecated and will be removed in a future version.
Instructions for updating:
Call initializer instance with the dtype argument instead of passing it to the constructor
WARNING:tensorflow:From deepDMD.py:67: The name tf.InteractiveSession is deprecated. Please use tf.compat.v1.InteractiveSession instead.

2022-05-16 03:09:08.949924: I tensorflow/core/platform/cpu_feature_guard.cc:142] Your CPU supports instructions that this TensorFlow binary was not compiled to use: AVX2 FMA
2022-05-16 03:09:08.975513: I tensorflow/core/platform/profile_utils/cpu_utils.cc:94] CPU Frequency: 2198800000 Hz
2022-05-16 03:09:08.977692: I tensorflow/compiler/xla/service/service.cc:168] XLA service 0x47e0100 executing computations on platform Host. Devices:
2022-05-16 03:09:08.977726: I tensorflow/compiler/xla/service/service.cc:175]   StreamExecutor device (0): <undefined>, <undefined>
WARNING:tensorflow:From deepDMD.py:91: The name tf.truncated_normal is deprecated. Please use tf.random.truncated_normal instead.

WARNING:tensorflow:From deepDMD.py:425: The name tf.global_variables_initializer is deprecated. Please use tf.compat.v1.global_variables_initializer instead.

2022-05-16 03:09:09.046892: W tensorflow/compiler/jit/mark_for_compilation_pass.cc:1412] (One-time warning): Not using XLA:CPU for cluster because envvar TF_XLA_FLAGS=--tf_xla_cpu_global_jit was not set.  If you want XLA:CPU, either set that envvar, or use experimental_jit_scope to enable XLA:CPU.  To confirm that XLA is active, pass --vmodule=xla_compilation_cache=1 (as a proper command-line flag, not via TF_XLA_FLAGS) or set the envvar XLA_FLAGS=--xla_hlo_profile.
WARNING:tensorflow:From deepDMD.py:108: The name tf.placeholder is deprecated. Please use tf.compat.v1.placeholder instead.

WARNING:tensorflow:From deepDMD.py:115: calling dropout (from tensorflow.python.ops.nn_ops) with keep_prob is deprecated and will be removed in a future version.
Instructions for updating:
Please use `rate` instead of `keep_prob`. Rate should be set to `rate = 1 - keep_prob`.
WARNING:tensorflow:From deepDMD.py:215: The name tf.train.AdagradOptimizer is deprecated. Please use tf.compat.v1.train.AdagradOptimizer instead.

WARNING:tensorflow:From /home/deepuser/.local/lib/python3.6/site-packages/tensorflow/python/training/adagrad.py:76: calling Constant.__init__ (from tensorflow.python.ops.init_ops) with dtype is deprecated and will be removed in a future version.
Instructions for updating:
Call initializer instance with the dtype argument instead of passing it to the constructor
WARNING:tensorflow:From deepDMD.py:67: The name tf.InteractiveSession is deprecated. Please use tf.compat.v1.InteractiveSession instead.

2022-05-16 04:47:06.487086: I tensorflow/core/platform/cpu_feature_guard.cc:142] Your CPU supports instructions that this TensorFlow binary was not compiled to use: AVX2 FMA
2022-05-16 04:47:06.511458: I tensorflow/core/platform/profile_utils/cpu_utils.cc:94] CPU Frequency: 2198800000 Hz
2022-05-16 04:47:06.513505: I tensorflow/compiler/xla/service/service.cc:168] XLA service 0x3f99e40 executing computations on platform Host. Devices:
2022-05-16 04:47:06.513538: I tensorflow/compiler/xla/service/service.cc:175]   StreamExecutor device (0): <undefined>, <undefined>
WARNING:tensorflow:From deepDMD.py:91: The name tf.truncated_normal is deprecated. Please use tf.random.truncated_normal instead.

WARNING:tensorflow:From deepDMD.py:425: The name tf.global_variables_initializer is deprecated. Please use tf.compat.v1.global_variables_initializer instead.

2022-05-16 04:47:06.581225: W tensorflow/compiler/jit/mark_for_compilation_pass.cc:1412] (One-time warning): Not using XLA:CPU for cluster because envvar TF_XLA_FLAGS=--tf_xla_cpu_global_jit was not set.  If you want XLA:CPU, either set that envvar, or use experimental_jit_scope to enable XLA:CPU.  To confirm that XLA is active, pass --vmodule=xla_compilation_cache=1 (as a proper command-line flag, not via TF_XLA_FLAGS) or set the envvar XLA_FLAGS=--xla_hlo_profile.
WARNING:tensorflow:From deepDMD.py:108: The name tf.placeholder is deprecated. Please use tf.compat.v1.placeholder instead.

WARNING:tensorflow:From deepDMD.py:115: calling dropout (from tensorflow.python.ops.nn_ops) with keep_prob is deprecated and will be removed in a future version.
Instructions for updating:
Please use `rate` instead of `keep_prob`. Rate should be set to `rate = 1 - keep_prob`.
WARNING:tensorflow:From deepDMD.py:215: The name tf.train.AdagradOptimizer is deprecated. Please use tf.compat.v1.train.AdagradOptimizer instead.

WARNING:tensorflow:From /home/deepuser/.local/lib/python3.6/site-packages/tensorflow/python/training/adagrad.py:76: calling Constant.__init__ (from tensorflow.python.ops.init_ops) with dtype is deprecated and will be removed in a future version.
Instructions for updating:
Call initializer instance with the dtype argument instead of passing it to the constructor
WARNING:tensorflow:From deepDMD.py:67: The name tf.InteractiveSession is deprecated. Please use tf.compat.v1.InteractiveSession instead.

2022-05-16 06:35:41.955233: I tensorflow/core/platform/cpu_feature_guard.cc:142] Your CPU supports instructions that this TensorFlow binary was not compiled to use: AVX2 FMA
2022-05-16 06:35:41.979452: I tensorflow/core/platform/profile_utils/cpu_utils.cc:94] CPU Frequency: 2198800000 Hz
2022-05-16 06:35:41.981252: I tensorflow/compiler/xla/service/service.cc:168] XLA service 0x44df990 executing computations on platform Host. Devices:
2022-05-16 06:35:41.981280: I tensorflow/compiler/xla/service/service.cc:175]   StreamExecutor device (0): <undefined>, <undefined>
WARNING:tensorflow:From deepDMD.py:91: The name tf.truncated_normal is deprecated. Please use tf.random.truncated_normal instead.

WARNING:tensorflow:From deepDMD.py:425: The name tf.global_variables_initializer is deprecated. Please use tf.compat.v1.global_variables_initializer instead.

2022-05-16 06:35:42.055606: W tensorflow/compiler/jit/mark_for_compilation_pass.cc:1412] (One-time warning): Not using XLA:CPU for cluster because envvar TF_XLA_FLAGS=--tf_xla_cpu_global_jit was not set.  If you want XLA:CPU, either set that envvar, or use experimental_jit_scope to enable XLA:CPU.  To confirm that XLA is active, pass --vmodule=xla_compilation_cache=1 (as a proper command-line flag, not via TF_XLA_FLAGS) or set the envvar XLA_FLAGS=--xla_hlo_profile.
WARNING:tensorflow:From deepDMD.py:108: The name tf.placeholder is deprecated. Please use tf.compat.v1.placeholder instead.

WARNING:tensorflow:From deepDMD.py:115: calling dropout (from tensorflow.python.ops.nn_ops) with keep_prob is deprecated and will be removed in a future version.
Instructions for updating:
Please use `rate` instead of `keep_prob`. Rate should be set to `rate = 1 - keep_prob`.
WARNING:tensorflow:From deepDMD.py:215: The name tf.train.AdagradOptimizer is deprecated. Please use tf.compat.v1.train.AdagradOptimizer instead.

WARNING:tensorflow:From /home/deepuser/.local/lib/python3.6/site-packages/tensorflow/python/training/adagrad.py:76: calling Constant.__init__ (from tensorflow.python.ops.init_ops) with dtype is deprecated and will be removed in a future version.
Instructions for updating:
Call initializer instance with the dtype argument instead of passing it to the constructor
WARNING:tensorflow:From deepDMD.py:67: The name tf.InteractiveSession is deprecated. Please use tf.compat.v1.InteractiveSession instead.

2022-05-16 08:18:14.114878: I tensorflow/core/platform/cpu_feature_guard.cc:142] Your CPU supports instructions that this TensorFlow binary was not compiled to use: AVX2 FMA
2022-05-16 08:18:14.143506: I tensorflow/core/platform/profile_utils/cpu_utils.cc:94] CPU Frequency: 2198800000 Hz
2022-05-16 08:18:14.146416: I tensorflow/compiler/xla/service/service.cc:168] XLA service 0x4526e00 executing computations on platform Host. Devices:
2022-05-16 08:18:14.146461: I tensorflow/compiler/xla/service/service.cc:175]   StreamExecutor device (0): <undefined>, <undefined>
WARNING:tensorflow:From deepDMD.py:91: The name tf.truncated_normal is deprecated. Please use tf.random.truncated_normal instead.

WARNING:tensorflow:From deepDMD.py:425: The name tf.global_variables_initializer is deprecated. Please use tf.compat.v1.global_variables_initializer instead.

2022-05-16 08:18:14.239830: W tensorflow/compiler/jit/mark_for_compilation_pass.cc:1412] (One-time warning): Not using XLA:CPU for cluster because envvar TF_XLA_FLAGS=--tf_xla_cpu_global_jit was not set.  If you want XLA:CPU, either set that envvar, or use experimental_jit_scope to enable XLA:CPU.  To confirm that XLA is active, pass --vmodule=xla_compilation_cache=1 (as a proper command-line flag, not via TF_XLA_FLAGS) or set the envvar XLA_FLAGS=--xla_hlo_profile.
WARNING:tensorflow:From deepDMD.py:108: The name tf.placeholder is deprecated. Please use tf.compat.v1.placeholder instead.

WARNING:tensorflow:From deepDMD.py:115: calling dropout (from tensorflow.python.ops.nn_ops) with keep_prob is deprecated and will be removed in a future version.
Instructions for updating:
Please use `rate` instead of `keep_prob`. Rate should be set to `rate = 1 - keep_prob`.
WARNING:tensorflow:From deepDMD.py:215: The name tf.train.AdagradOptimizer is deprecated. Please use tf.compat.v1.train.AdagradOptimizer instead.

WARNING:tensorflow:From /home/deepuser/.local/lib/python3.6/site-packages/tensorflow/python/training/adagrad.py:76: calling Constant.__init__ (from tensorflow.python.ops.init_ops) with dtype is deprecated and will be removed in a future version.
Instructions for updating:
Call initializer instance with the dtype argument instead of passing it to the constructor
WARNING:tensorflow:From deepDMD.py:67: The name tf.InteractiveSession is deprecated. Please use tf.compat.v1.InteractiveSession instead.

2022-05-16 10:12:22.108859: I tensorflow/core/platform/cpu_feature_guard.cc:142] Your CPU supports instructions that this TensorFlow binary was not compiled to use: AVX2 FMA
2022-05-16 10:12:22.135453: I tensorflow/core/platform/profile_utils/cpu_utils.cc:94] CPU Frequency: 2198800000 Hz
2022-05-16 10:12:22.137778: I tensorflow/compiler/xla/service/service.cc:168] XLA service 0x41d85f0 executing computations on platform Host. Devices:
2022-05-16 10:12:22.137811: I tensorflow/compiler/xla/service/service.cc:175]   StreamExecutor device (0): <undefined>, <undefined>
WARNING:tensorflow:From deepDMD.py:91: The name tf.truncated_normal is deprecated. Please use tf.random.truncated_normal instead.

WARNING:tensorflow:From deepDMD.py:425: The name tf.global_variables_initializer is deprecated. Please use tf.compat.v1.global_variables_initializer instead.

2022-05-16 10:12:22.209742: W tensorflow/compiler/jit/mark_for_compilation_pass.cc:1412] (One-time warning): Not using XLA:CPU for cluster because envvar TF_XLA_FLAGS=--tf_xla_cpu_global_jit was not set.  If you want XLA:CPU, either set that envvar, or use experimental_jit_scope to enable XLA:CPU.  To confirm that XLA is active, pass --vmodule=xla_compilation_cache=1 (as a proper command-line flag, not via TF_XLA_FLAGS) or set the envvar XLA_FLAGS=--xla_hlo_profile.
WARNING:tensorflow:From deepDMD.py:108: The name tf.placeholder is deprecated. Please use tf.compat.v1.placeholder instead.

WARNING:tensorflow:From deepDMD.py:115: calling dropout (from tensorflow.python.ops.nn_ops) with keep_prob is deprecated and will be removed in a future version.
Instructions for updating:
Please use `rate` instead of `keep_prob`. Rate should be set to `rate = 1 - keep_prob`.
WARNING:tensorflow:From deepDMD.py:215: The name tf.train.AdagradOptimizer is deprecated. Please use tf.compat.v1.train.AdagradOptimizer instead.

WARNING:tensorflow:From /home/deepuser/.local/lib/python3.6/site-packages/tensorflow/python/training/adagrad.py:76: calling Constant.__init__ (from tensorflow.python.ops.init_ops) with dtype is deprecated and will be removed in a future version.
Instructions for updating:
Call initializer instance with the dtype argument instead of passing it to the constructor
WARNING:tensorflow:From deepDMD.py:67: The name tf.InteractiveSession is deprecated. Please use tf.compat.v1.InteractiveSession instead.

2022-05-16 12:03:45.408672: I tensorflow/core/platform/cpu_feature_guard.cc:142] Your CPU supports instructions that this TensorFlow binary was not compiled to use: AVX2 FMA
2022-05-16 12:03:45.431421: I tensorflow/core/platform/profile_utils/cpu_utils.cc:94] CPU Frequency: 2198800000 Hz
2022-05-16 12:03:45.433391: I tensorflow/compiler/xla/service/service.cc:168] XLA service 0x58c8190 executing computations on platform Host. Devices:
2022-05-16 12:03:45.433418: I tensorflow/compiler/xla/service/service.cc:175]   StreamExecutor device (0): <undefined>, <undefined>
WARNING:tensorflow:From deepDMD.py:91: The name tf.truncated_normal is deprecated. Please use tf.random.truncated_normal instead.

WARNING:tensorflow:From deepDMD.py:425: The name tf.global_variables_initializer is deprecated. Please use tf.compat.v1.global_variables_initializer instead.

2022-05-16 12:03:45.501908: W tensorflow/compiler/jit/mark_for_compilation_pass.cc:1412] (One-time warning): Not using XLA:CPU for cluster because envvar TF_XLA_FLAGS=--tf_xla_cpu_global_jit was not set.  If you want XLA:CPU, either set that envvar, or use experimental_jit_scope to enable XLA:CPU.  To confirm that XLA is active, pass --vmodule=xla_compilation_cache=1 (as a proper command-line flag, not via TF_XLA_FLAGS) or set the envvar XLA_FLAGS=--xla_hlo_profile.
WARNING:tensorflow:From deepDMD.py:108: The name tf.placeholder is deprecated. Please use tf.compat.v1.placeholder instead.

WARNING:tensorflow:From deepDMD.py:115: calling dropout (from tensorflow.python.ops.nn_ops) with keep_prob is deprecated and will be removed in a future version.
Instructions for updating:
Please use `rate` instead of `keep_prob`. Rate should be set to `rate = 1 - keep_prob`.
WARNING:tensorflow:From deepDMD.py:215: The name tf.train.AdagradOptimizer is deprecated. Please use tf.compat.v1.train.AdagradOptimizer instead.

WARNING:tensorflow:From /home/deepuser/.local/lib/python3.6/site-packages/tensorflow/python/training/adagrad.py:76: calling Constant.__init__ (from tensorflow.python.ops.init_ops) with dtype is deprecated and will be removed in a future version.
Instructions for updating:
Call initializer instance with the dtype argument instead of passing it to the constructor
WARNING:tensorflow:From deepDMD.py:67: The name tf.InteractiveSession is deprecated. Please use tf.compat.v1.InteractiveSession instead.

2022-05-16 14:10:18.971842: I tensorflow/core/platform/cpu_feature_guard.cc:142] Your CPU supports instructions that this TensorFlow binary was not compiled to use: AVX2 FMA
2022-05-16 14:10:18.995480: I tensorflow/core/platform/profile_utils/cpu_utils.cc:94] CPU Frequency: 2198800000 Hz
2022-05-16 14:10:18.997594: I tensorflow/compiler/xla/service/service.cc:168] XLA service 0x515c360 executing computations on platform Host. Devices:
2022-05-16 14:10:18.997623: I tensorflow/compiler/xla/service/service.cc:175]   StreamExecutor device (0): <undefined>, <undefined>
WARNING:tensorflow:From deepDMD.py:91: The name tf.truncated_normal is deprecated. Please use tf.random.truncated_normal instead.

WARNING:tensorflow:From deepDMD.py:425: The name tf.global_variables_initializer is deprecated. Please use tf.compat.v1.global_variables_initializer instead.

2022-05-16 14:10:19.055736: W tensorflow/compiler/jit/mark_for_compilation_pass.cc:1412] (One-time warning): Not using XLA:CPU for cluster because envvar TF_XLA_FLAGS=--tf_xla_cpu_global_jit was not set.  If you want XLA:CPU, either set that envvar, or use experimental_jit_scope to enable XLA:CPU.  To confirm that XLA is active, pass --vmodule=xla_compilation_cache=1 (as a proper command-line flag, not via TF_XLA_FLAGS) or set the envvar XLA_FLAGS=--xla_hlo_profile.
WARNING:tensorflow:From deepDMD.py:108: The name tf.placeholder is deprecated. Please use tf.compat.v1.placeholder instead.

WARNING:tensorflow:From deepDMD.py:115: calling dropout (from tensorflow.python.ops.nn_ops) with keep_prob is deprecated and will be removed in a future version.
Instructions for updating:
Please use `rate` instead of `keep_prob`. Rate should be set to `rate = 1 - keep_prob`.
WARNING:tensorflow:From deepDMD.py:215: The name tf.train.AdagradOptimizer is deprecated. Please use tf.compat.v1.train.AdagradOptimizer instead.

WARNING:tensorflow:From /home/deepuser/.local/lib/python3.6/site-packages/tensorflow/python/training/adagrad.py:76: calling Constant.__init__ (from tensorflow.python.ops.init_ops) with dtype is deprecated and will be removed in a future version.
Instructions for updating:
Call initializer instance with the dtype argument instead of passing it to the constructor
WARNING:tensorflow:From deepDMD.py:67: The name tf.InteractiveSession is deprecated. Please use tf.compat.v1.InteractiveSession instead.

2022-05-16 16:07:56.757568: I tensorflow/core/platform/cpu_feature_guard.cc:142] Your CPU supports instructions that this TensorFlow binary was not compiled to use: AVX2 FMA
2022-05-16 16:07:56.783501: I tensorflow/core/platform/profile_utils/cpu_utils.cc:94] CPU Frequency: 2198800000 Hz
2022-05-16 16:07:56.785766: I tensorflow/compiler/xla/service/service.cc:168] XLA service 0x53e7990 executing computations on platform Host. Devices:
2022-05-16 16:07:56.785805: I tensorflow/compiler/xla/service/service.cc:175]   StreamExecutor device (0): <undefined>, <undefined>
WARNING:tensorflow:From deepDMD.py:91: The name tf.truncated_normal is deprecated. Please use tf.random.truncated_normal instead.

WARNING:tensorflow:From deepDMD.py:425: The name tf.global_variables_initializer is deprecated. Please use tf.compat.v1.global_variables_initializer instead.

2022-05-16 16:07:56.861841: W tensorflow/compiler/jit/mark_for_compilation_pass.cc:1412] (One-time warning): Not using XLA:CPU for cluster because envvar TF_XLA_FLAGS=--tf_xla_cpu_global_jit was not set.  If you want XLA:CPU, either set that envvar, or use experimental_jit_scope to enable XLA:CPU.  To confirm that XLA is active, pass --vmodule=xla_compilation_cache=1 (as a proper command-line flag, not via TF_XLA_FLAGS) or set the envvar XLA_FLAGS=--xla_hlo_profile.
WARNING:tensorflow:From deepDMD.py:108: The name tf.placeholder is deprecated. Please use tf.compat.v1.placeholder instead.

WARNING:tensorflow:From deepDMD.py:115: calling dropout (from tensorflow.python.ops.nn_ops) with keep_prob is deprecated and will be removed in a future version.
Instructions for updating:
Please use `rate` instead of `keep_prob`. Rate should be set to `rate = 1 - keep_prob`.
WARNING:tensorflow:From deepDMD.py:215: The name tf.train.AdagradOptimizer is deprecated. Please use tf.compat.v1.train.AdagradOptimizer instead.

WARNING:tensorflow:From /home/deepuser/.local/lib/python3.6/site-packages/tensorflow/python/training/adagrad.py:76: calling Constant.__init__ (from tensorflow.python.ops.init_ops) with dtype is deprecated and will be removed in a future version.
Instructions for updating:
Call initializer instance with the dtype argument instead of passing it to the constructor
WARNING:tensorflow:From deepDMD.py:67: The name tf.InteractiveSession is deprecated. Please use tf.compat.v1.InteractiveSession instead.

2022-05-16 18:20:21.016985: I tensorflow/core/platform/cpu_feature_guard.cc:142] Your CPU supports instructions that this TensorFlow binary was not compiled to use: AVX2 FMA
2022-05-16 18:20:21.039448: I tensorflow/core/platform/profile_utils/cpu_utils.cc:94] CPU Frequency: 2198800000 Hz
2022-05-16 18:20:21.041390: I tensorflow/compiler/xla/service/service.cc:168] XLA service 0x527cb30 executing computations on platform Host. Devices:
2022-05-16 18:20:21.041419: I tensorflow/compiler/xla/service/service.cc:175]   StreamExecutor device (0): <undefined>, <undefined>
WARNING:tensorflow:From deepDMD.py:91: The name tf.truncated_normal is deprecated. Please use tf.random.truncated_normal instead.

WARNING:tensorflow:From deepDMD.py:425: The name tf.global_variables_initializer is deprecated. Please use tf.compat.v1.global_variables_initializer instead.

2022-05-16 18:20:21.109270: W tensorflow/compiler/jit/mark_for_compilation_pass.cc:1412] (One-time warning): Not using XLA:CPU for cluster because envvar TF_XLA_FLAGS=--tf_xla_cpu_global_jit was not set.  If you want XLA:CPU, either set that envvar, or use experimental_jit_scope to enable XLA:CPU.  To confirm that XLA is active, pass --vmodule=xla_compilation_cache=1 (as a proper command-line flag, not via TF_XLA_FLAGS) or set the envvar XLA_FLAGS=--xla_hlo_profile.
WARNING:tensorflow:From deepDMD.py:108: The name tf.placeholder is deprecated. Please use tf.compat.v1.placeholder instead.

WARNING:tensorflow:From deepDMD.py:115: calling dropout (from tensorflow.python.ops.nn_ops) with keep_prob is deprecated and will be removed in a future version.
Instructions for updating:
Please use `rate` instead of `keep_prob`. Rate should be set to `rate = 1 - keep_prob`.
WARNING:tensorflow:From deepDMD.py:215: The name tf.train.AdagradOptimizer is deprecated. Please use tf.compat.v1.train.AdagradOptimizer instead.

WARNING:tensorflow:From /home/deepuser/.local/lib/python3.6/site-packages/tensorflow/python/training/adagrad.py:76: calling Constant.__init__ (from tensorflow.python.ops.init_ops) with dtype is deprecated and will be removed in a future version.
Instructions for updating:
Call initializer instance with the dtype argument instead of passing it to the constructor
WARNING:tensorflow:From deepDMD.py:67: The name tf.InteractiveSession is deprecated. Please use tf.compat.v1.InteractiveSession instead.

2022-05-16 20:23:59.005957: I tensorflow/core/platform/cpu_feature_guard.cc:142] Your CPU supports instructions that this TensorFlow binary was not compiled to use: AVX2 FMA
2022-05-16 20:23:59.031422: I tensorflow/core/platform/profile_utils/cpu_utils.cc:94] CPU Frequency: 2198800000 Hz
2022-05-16 20:23:59.033521: I tensorflow/compiler/xla/service/service.cc:168] XLA service 0x3cb34a0 executing computations on platform Host. Devices:
2022-05-16 20:23:59.033549: I tensorflow/compiler/xla/service/service.cc:175]   StreamExecutor device (0): <undefined>, <undefined>
WARNING:tensorflow:From deepDMD.py:91: The name tf.truncated_normal is deprecated. Please use tf.random.truncated_normal instead.

WARNING:tensorflow:From deepDMD.py:425: The name tf.global_variables_initializer is deprecated. Please use tf.compat.v1.global_variables_initializer instead.

2022-05-16 20:23:59.105813: W tensorflow/compiler/jit/mark_for_compilation_pass.cc:1412] (One-time warning): Not using XLA:CPU for cluster because envvar TF_XLA_FLAGS=--tf_xla_cpu_global_jit was not set.  If you want XLA:CPU, either set that envvar, or use experimental_jit_scope to enable XLA:CPU.  To confirm that XLA is active, pass --vmodule=xla_compilation_cache=1 (as a proper command-line flag, not via TF_XLA_FLAGS) or set the envvar XLA_FLAGS=--xla_hlo_profile.
WARNING:tensorflow:From deepDMD.py:108: The name tf.placeholder is deprecated. Please use tf.compat.v1.placeholder instead.

WARNING:tensorflow:From deepDMD.py:115: calling dropout (from tensorflow.python.ops.nn_ops) with keep_prob is deprecated and will be removed in a future version.
Instructions for updating:
Please use `rate` instead of `keep_prob`. Rate should be set to `rate = 1 - keep_prob`.
WARNING:tensorflow:From deepDMD.py:215: The name tf.train.AdagradOptimizer is deprecated. Please use tf.compat.v1.train.AdagradOptimizer instead.

WARNING:tensorflow:From /home/deepuser/.local/lib/python3.6/site-packages/tensorflow/python/training/adagrad.py:76: calling Constant.__init__ (from tensorflow.python.ops.init_ops) with dtype is deprecated and will be removed in a future version.
Instructions for updating:
Call initializer instance with the dtype argument instead of passing it to the constructor
All sessions are complete
=======================================================
